0 info it worked if it ends with ok
1 verbose cli [ '/usr/local/bin/node', '/usr/local/bin/npm', 'start' ]
2 info using npm@3.7.3
3 info using node@v5.8.0
4 verbose run-script [ 'prestart', 'start', 'poststart' ]
5 info lifecycle nodetest2@0.0.0~prestart: nodetest2@0.0.0
6 silly lifecycle nodetest2@0.0.0~prestart: no script for prestart, continuing
7 info lifecycle nodetest2@0.0.0~start: nodetest2@0.0.0
8 verbose lifecycle nodetest2@0.0.0~start: unsafe-perm in lifecycle true
9 verbose lifecycle nodetest2@0.0.0~start: PATH: /usr/local/lib/node_modules/npm/bin/node-gyp-bin:/Users/david/Documents/Workspace/W53-USERAPI/node_modules/.bin:/usr/local/bin:/usr/local/bin:/usr/bin:/bin:/usr/sbin:/sbin:/usr/local/tfs/TEE-CLC-14.0.2:/usr/local/share/dotnet:/usr/local/git/bin:/Users/david/bin:/usr/local/apache-maven/apache-maven-3.3.9/bin:/usr/local/openshift-origin-client-tools/openshift-origin-client-tools-v1.3.1-2748423-mac:/Users/david/bin:/usr/local/apache-maven/apache-maven-3.3.9/bin:/usr/local/openshift-origin-client-tools/openshift-origin-client-tools-v1.3.1-2748423-mac
10 verbose lifecycle nodetest2@0.0.0~start: CWD: /Users/david/Documents/Workspace/W53-USERAPI
11 silly lifecycle nodetest2@0.0.0~start: Args: [ '-c', 'node ./bin/www' ]
12 silly lifecycle nodetest2@0.0.0~start: Returned: code: 1  signal: null
13 info lifecycle nodetest2@0.0.0~start: Failed to exec start script
14 verbose stack Error: nodetest2@0.0.0 start: `node ./bin/www`
14 verbose stack Exit status 1
14 verbose stack     at EventEmitter.<anonymous> (/usr/local/lib/node_modules/npm/lib/utils/lifecycle.js:239:16)
14 verbose stack     at emitTwo (events.js:100:13)
14 verbose stack     at EventEmitter.emit (events.js:185:7)
14 verbose stack     at ChildProcess.<anonymous> (/usr/local/lib/node_modules/npm/lib/utils/spawn.js:24:14)
14 verbose stack     at emitTwo (events.js:100:13)
14 verbose stack     at ChildProcess.emit (events.js:185:7)
14 verbose stack     at maybeClose (internal/child_process.js:850:16)
14 verbose stack     at Process.ChildProcess._handle.onexit (internal/child_process.js:215:5)
15 verbose pkgid nodetest2@0.0.0
16 verbose cwd /Users/david/Documents/Workspace/W53-USERAPI
17 error Darwin 16.5.0
18 error argv "/usr/local/bin/node" "/usr/local/bin/npm" "start"
19 error node v5.8.0
20 error npm  v3.7.3
21 error code ELIFECYCLE
22 error nodetest2@0.0.0 start: `node ./bin/www`
22 error Exit status 1
23 error Failed at the nodetest2@0.0.0 start script 'node ./bin/www'.
23 error Make sure you have the latest version of node.js and npm installed.
23 error If you do, this is most likely a problem with the nodetest2 package,
23 error not with npm itself.
23 error Tell the author that this fails on your system:
23 error     node ./bin/www
23 error You can get information on how to open an issue for this project with:
23 error     npm bugs nodetest2
23 error Or if that isn't available, you can get their info via:
23 error     npm owner ls nodetest2
23 error There is likely additional logging output above.
24 verbose exit [ 1, true ]
